2026-04-24 20:13:40,261  INFO      Booking 8:00 AM Indoor Lap Pool Reservations slot for 2026-04-25
2026-04-24 20:13:40,629  CRITICAL  Unhandled exception:
Traceback (most recent call last):
  File "/home/gary/swim-booker/book_swim.py", line 263, in <module>
    main()
  File "/home/gary/swim-booker/book_swim.py", line 104, in main
    browser = p.chromium.launch(headless=True)
              ^^^^^^^^^^^^^^^^^^^^^^^^^^^^^^^^
  File "/home/gary/.local/lib/python3.12/site-packages/playwright/sync_api/_generated.py", line 14566, in launch
    self._sync(
  File "/home/gary/.local/lib/python3.12/site-packages/playwright/_impl/_sync_base.py", line 115, in _sync
    return task.result()
           ^^^^^^^^^^^^^
  File "/home/gary/.local/lib/python3.12/site-packages/playwright/_impl/_browser_type.py", line 97, in launch
    await self._channel.send(
  File "/home/gary/.local/lib/python3.12/site-packages/playwright/_impl/_connection.py", line 69, in send
    return await self._connection.wrap_api_call(
           ^^^^^^^^^^^^^^^^^^^^^^^^^^^^^^^^^^^^^
  File "/home/gary/.local/lib/python3.12/site-packages/playwright/_impl/_connection.py", line 559, in wrap_api_call
    raise rewrite_error(error, f"{parsed_st['apiName']}: {error}") from None
playwright._impl._errors.TargetClosedError: BrowserType.launch: Target page, context or browser has been closed
Browser logs:

<launching> /home/gary/.cache/ms-playwright/chromium_headless_shell-1208/chrome-headless-shell-linux64/chrome-headless-shell --disable-field-trial-config --disable-background-networking --disable-background-timer-throttling --disable-backgrounding-occluded-windows --disable-back-forward-cache --disable-breakpad --disable-client-side-phishing-detection --disable-component-extensions-with-background-pages --disable-component-update --no-default-browser-check --disable-default-apps --disable-dev-shm-usage --disable-extensions --disable-features=AvoidUnnecessaryBeforeUnloadCheckSync,BoundaryEventDispatchTracksNodeRemoval,DestroyProfileOnBrowserClose,DialMediaRouteProvider,GlobalMediaControls,HttpsUpgrades,LensOverlay,MediaRouter,PaintHolding,ThirdPartyStoragePartitioning,Translate,AutoDeElevate,RenderDocument,OptimizationHints --enable-features=CDPScreenshotNewSurface --allow-pre-commit-input --disable-hang-monitor --disable-ipc-flooding-protection --disable-popup-blocking --disable-prompt-on-repost --disable-renderer-backgrounding --force-color-profile=srgb --metrics-recording-only --no-first-run --password-store=basic --use-mock-keychain --no-service-autorun --export-tagged-pdf --disable-search-engine-choice-screen --unsafely-disable-devtools-self-xss-warnings --edge-skip-compat-layer-relaunch --enable-automation --disable-infobars --disable-search-engine-choice-screen --disable-sync --enable-unsafe-swiftshader --headless --hide-scrollbars --mute-audio --blink-settings=primaryHoverType=2,availableHoverTypes=2,primaryPointerType=4,availablePointerTypes=4 --no-sandbox --user-data-dir=/tmp/playwright_chromiumdev_profile-43GhEG --remote-debugging-pipe --no-startup-window
<launched> pid=252986
[pid=252986][err] /home/gary/.cache/ms-playwright/chromium_headless_shell-1208/chrome-headless-shell-linux64/chrome-headless-shell: error while loading shared libraries: libatk-1.0.so.0: cannot open shared object file: No such file or directory
Call log:
  - <launching> /home/gary/.cache/ms-playwright/chromium_headless_shell-1208/chrome-headless-shell-linux64/chrome-headless-shell --disable-field-trial-config --disable-background-networking --disable-background-timer-throttling --disable-backgrounding-occluded-windows --disable-back-forward-cache --disable-breakpad --disable-client-side-phishing-detection --disable-component-extensions-with-background-pages --disable-component-update --no-default-browser-check --disable-default-apps --disable-dev-shm-usage --disable-extensions --disable-features=AvoidUnnecessaryBeforeUnloadCheckSync,BoundaryEventDispatchTracksNodeRemoval,DestroyProfileOnBrowserClose,DialMediaRouteProvider,GlobalMediaControls,HttpsUpgrades,LensOverlay,MediaRouter,PaintHolding,ThirdPartyStoragePartitioning,Translate,AutoDeElevate,RenderDocument,OptimizationHints --enable-features=CDPScreenshotNewSurface --allow-pre-commit-input --disable-hang-monitor --disable-ipc-flooding-protection --disable-popup-blocking --disable-prompt-on-repost --disable-renderer-backgrounding --force-color-profile=srgb --metrics-recording-only --no-first-run --password-store=basic --use-mock-keychain --no-service-autorun --export-tagged-pdf --disable-search-engine-choice-screen --unsafely-disable-devtools-self-xss-warnings --edge-skip-compat-layer-relaunch --enable-automation --disable-infobars --disable-search-engine-choice-screen --disable-sync --enable-unsafe-swiftshader --headless --hide-scrollbars --mute-audio --blink-settings=primaryHoverType=2,availableHoverTypes=2,primaryPointerType=4,availablePointerTypes=4 --no-sandbox --user-data-dir=/tmp/playwright_chromiumdev_profile-43GhEG --remote-debugging-pipe --no-startup-window
  - <launched> pid=252986
  - [pid=252986][err] /home/gary/.cache/ms-playwright/chromium_headless_shell-1208/chrome-headless-shell-linux64/chrome-headless-shell: error while loading shared libraries: libatk-1.0.so.0: cannot open shared object file: No such file or directory
  - [pid=252986] <gracefully close start>
  - [pid=252986] <kill>
  - [pid=252986] <will force kill>
  - [pid=252986] exception while trying to kill process: Error: kill ESRCH
  - [pid=252986] <process did exit: exitCode=127, signal=null>
  - [pid=252986] starting temporary directories cleanup
  - [pid=252986] finished temporary directories cleanup
  - [pid=252986] <gracefully close end>


2026-04-24 20:13:42,028  INFO      Email sent: [Swim Booker] FAILED – unhandled exception
2026-04-24 20:17:48,320  INFO      Booking 8:00 AM Indoor Lap Pool Reservations slot for 2026-04-25
2026-04-24 20:17:48,765  INFO      Navigating to https://www.mytrilogylife.com
2026-04-24 20:18:23,708  ERROR     FAILED: Timed out waiting for login form or post-login page
2026-04-24 20:18:23,816  INFO      Screenshot saved to /home/gary/swim-booker/failure_screenshot.png
2026-04-24 20:18:25,594  INFO      Email sent: [Swim Booker] FAILED – Timed out waiting for login form or post-login page
2026-04-24 20:19:01,210  INFO      Booking 8:00 AM Indoor Lap Pool Reservations slot for 2026-04-25
2026-04-24 20:19:01,645  INFO      Navigating to https://www.mytrilogylife.com
2026-04-24 20:19:10,288  ERROR     FAILED: Login failed – password field still visible after submit
2026-04-24 20:19:11,853  INFO      Screenshot saved to /home/gary/swim-booker/failure_screenshot.png
2026-04-24 20:19:14,455  INFO      Email sent: [Swim Booker] FAILED – Login failed – password field still visible after submit
2026-04-24 20:19:42,879  INFO      Booking 8:00 AM Indoor Lap Pool Reservations slot for 2026-04-25
2026-04-24 20:19:43,314  INFO      Navigating to https://www.mytrilogylife.com
2026-04-24 20:20:12,121  ERROR     FAILED: Timed out after submitting login – credentials may be wrong or page did not redirect
2026-04-24 20:20:12,404  INFO      Screenshot saved to /home/gary/swim-booker/failure_screenshot.png
2026-04-24 20:20:15,050  INFO      Email sent: [Swim Booker] FAILED – Timed out after submitting login – credentials may be wrong 
2026-04-24 20:22:38,217  INFO      Booking 8:00 AM Indoor Lap Pool Reservations slot for 2026-04-25
2026-04-24 20:22:38,648  INFO      Navigating to https://www.mytrilogylife.com
2026-04-24 20:22:57,376  INFO      Login successful
2026-04-24 20:22:57,376  INFO      Navigating to https://members.mytrilogylife.com/events
2026-04-24 20:23:02,089  INFO      Looking for 'Indoor Lap Pool Reservations' on 4/25/2026
2026-04-24 20:23:02,194  INFO      Found event card (Strategy A)
2026-04-24 20:23:32,258  CRITICAL  Unhandled exception:
Traceback (most recent call last):
  File "/home/gary/swim-booker/book_swim.py", line 269, in <module>
    main()
  File "/home/gary/swim-booker/book_swim.py", line 180, in main
    event_link.click()
  File "/home/gary/.local/lib/python3.12/site-packages/playwright/sync_api/_generated.py", line 15631, in click
    self._sync(
  File "/home/gary/.local/lib/python3.12/site-packages/playwright/_impl/_sync_base.py", line 115, in _sync
    return task.result()
           ^^^^^^^^^^^^^
  File "/home/gary/.local/lib/python3.12/site-packages/playwright/_impl/_locator.py", line 162, in click
    return await self._frame._click(self._selector, strict=True, **params)
           ^^^^^^^^^^^^^^^^^^^^^^^^^^^^^^^^^^^^^^^^^^^^^^^^^^^^^^^^^^^^^^^
  File "/home/gary/.local/lib/python3.12/site-packages/playwright/_impl/_frame.py", line 566, in _click
    await self._channel.send("click", self._timeout, locals_to_params(locals()))
  File "/home/gary/.local/lib/python3.12/site-packages/playwright/_impl/_connection.py", line 69, in send
    return await self._connection.wrap_api_call(
           ^^^^^^^^^^^^^^^^^^^^^^^^^^^^^^^^^^^^^
  File "/home/gary/.local/lib/python3.12/site-packages/playwright/_impl/_connection.py", line 559, in wrap_api_call
    raise rewrite_error(error, f"{parsed_st['apiName']}: {error}") from None
playwright._impl._errors.TimeoutError: Locator.click: Timeout 30000ms exceeded.
Call log:
  - waiting for locator("text=Indoor Lap Pool Reservations").first
    - locator resolved to <td>Indoor Lap Pool Reservations | Saturday, April 25</td>
  - attempting click action
    2 × waiting for element to be visible, enabled and stable
      - element is not visible
    - retrying click action
    - waiting 20ms
    2 × waiting for element to be visible, enabled and stable
      - element is not visible
    - retrying click action
      - waiting 100ms
    58 × waiting for element to be visible, enabled and stable
       - element is not visible
     - retrying click action
       - waiting 500ms


2026-04-24 20:23:33,418  INFO      Email sent: [Swim Booker] FAILED – unhandled exception
2026-04-24 20:24:59,561  INFO      Booking 8:00 AM Indoor Lap Pool Reservations slot for 2026-04-25
2026-04-24 20:24:59,993  INFO      Navigating to https://www.mytrilogylife.com
2026-04-24 20:25:14,786  INFO      Login successful
2026-04-24 20:25:14,786  INFO      Navigating to https://members.mytrilogylife.com/events
2026-04-24 20:25:19,692  INFO      Looking for 'Indoor Lap Pool Reservations' on 4/25/2026
2026-04-24 20:25:20,718  INFO      Found event link (Strategy A): LIFESTYLE
REGISTERED
ALMOST FULL
Indoor Lap Pool Reservations | Saturday, April 
2026-04-24 20:25:23,008  INFO      Opened event detail page: https://members.mytrilogylife.com/events/1804309
2026-04-24 20:25:23,008  INFO      Looking for 8:00 AM slot
2026-04-24 20:25:23,055  INFO      Found register button near '8:00 AM'
2026-04-24 20:25:23,110  INFO      SUCCESS – registered for 8:00 AM Indoor Lap Pool Reservations on 2026-04-25
2026-04-24 20:25:24,348  INFO      Email sent: [Swim Booker] SUCCESS – Saturday 8:00 AM booked
